<?xml version="1.0" encoding="UTF-8"?>
<testng-results skipped="0" failed="0" total="1" passed="1">
  <reporter-output>
    <line>
      <![CDATA[Step >> Enter username]]>
    </line>
    <line>
      <![CDATA[Step >> Enter password]]>
    </line>
    <line>
      <![CDATA[Step >> Click on signBtn]]>
    </line>
    <line>
      <![CDATA[Step >> Click on customer tab]]>
    </line>
  </reporter-output>
  <suite name="Regression" duration-ms="90744" started-at="2017-05-16T06:34:29Z" finished-at="2017-05-16T06:35:59Z">
    <groups>
    </groups>
    <test name="Desktop" duration-ms="90744" started-at="2017-05-16T06:34:29Z" finished-at="2017-05-16T06:35:59Z">
      <class name="com.scripts.desktopGNG.neonReg">
        <test-method status="PASS" signature="RegisterAndDeposit()[pri:0, instance:com.scripts.desktopGNG.neonReg@1d6ef2]" name="RegisterAndDeposit" duration-ms="88578" started-at="2017-05-16T12:04:29Z" finished-at="2017-05-16T12:05:57Z">
          <reporter-output>
            <line>
              <![CDATA[Step >> Enter username]]>
            </line>
            <line>
              <![CDATA[Step >> Enter password]]>
            </line>
            <line>
              <![CDATA[Step >> Click on signBtn]]>
            </line>
            <line>
              <![CDATA[Step >> Click on customer tab]]>
            </line>
          </reporter-output>
        </test-method> <!-- RegisterAndDeposit -->
        <test-method status="PASS" signature="tearDown()[pri:0, instance:com.scripts.desktopGNG.neonReg@1d6ef2]" name="tearDown" is-config="true" duration-ms="2105" started-at="2017-05-16T12:05:57Z" finished-at="2017-05-16T12:05:59Z">
          <reporter-output>
          </reporter-output>
        </test-method> <!-- tearDown -->
      </class> <!-- com.scripts.desktopGNG.neonReg -->
    </test> <!-- Desktop -->
  </suite> <!-- Regression -->
</testng-results>
