<?xml version="1.0" encoding="UTF-8"?>
<!-- Generated by org.testng.reporters.JUnitXMLReporter -->
<testsuite hostname="D90D3CQ1" name="Desktop" tests="1" failures="1" timestamp="15 May 2017 12:02:08 GMT" time="82.466" errors="0">
  <testcase name="RegisterAndDeposit" time="80.645" classname="com.scripts.desktopGNG.neonReg">
    <failure type="java.lang.NullPointerException">
      <![CDATA[java.lang.NullPointerException
	at com.generic.ExcelIterator.createCustomerExcel(ExcelIterator.java:192)
	at com.pageFactory.desktopGNG.neonReg_PF.registration(neonReg_PF.java:145)
	at com.scripts.desktopGNG.neonReg.RegisterAndDeposit(neonReg.java:22)
... Removed 33 stack frames]]>
    </failure>
  </testcase> <!-- RegisterAndDeposit -->
</testsuite> <!-- Desktop -->
