<?xml version="1.0" encoding="UTF-8"?>
<testng-results skipped="0" failed="1" total="1" passed="0">
  <reporter-output>
    <line>
      <![CDATA[Step >> Enter username]]>
    </line>
    <line>
      <![CDATA[Step >> Enter password]]>
    </line>
    <line>
      <![CDATA[Step >> Click on signBtn]]>
    </line>
    <line>
      <![CDATA[Step >> Click on customer tab]]>
    </line>
    <line>
      <![CDATA[Step >> Click on registartion tab]]>
    </line>
    <line>
      <![CDATA[Step >> Enter username]]>
    </line>
    <line>
      <![CDATA[Step >> Click on customer tab]]>
    </line>
    <line>
      <![CDATA[Step >> Click on customer tab]]>
    </line>
    <line>
      <![CDATA[Step >> Enter forename]]>
    </line>
    <line>
      <![CDATA[Step >> Enter DateOfBirth]]>
    </line>
    <line>
      <![CDATA[Step >> select gender]]>
    </line>
    <line>
      <![CDATA[Step >> Enter street]]>
    </line>
    <line>
      <![CDATA[Step >> Enter City]]>
    </line>
    <line>
      <![CDATA[Step >> Click on card number]]>
    </line>
    <line>
      <![CDATA[Step >> Enter street]]>
    </line>
    <line>
      <![CDATA[Step >> Click on Save btn]]>
    </line>
    <line>
      <![CDATA[Step >>  click on yesBtn]]>
    </line>
    <line>
      <![CDATA[Step >>  click on ok Btn]]>
    </line>
  </reporter-output>
  <suite name="Regression" duration-ms="82466" started-at="2017-05-15T12:00:46Z" finished-at="2017-05-15T12:02:08Z">
    <groups>
    </groups>
    <test name="Desktop" duration-ms="82466" started-at="2017-05-15T12:00:46Z" finished-at="2017-05-15T12:02:08Z">
      <class name="com.scripts.desktopGNG.neonReg">
        <test-method status="FAIL" signature="RegisterAndDeposit()[pri:0, instance:com.scripts.desktopGNG.neonReg@cf5915]" name="RegisterAndDeposit" duration-ms="80645" started-at="2017-05-15T17:30:46Z" finished-at="2017-05-15T17:32:07Z">
          <exception class="java.lang.NullPointerException">
            <full-stacktrace>
              <![CDATA[java.lang.NullPointerException
	at com.generic.ExcelIterator.createCustomerExcel(ExcelIterator.java:192)
	at com.pageFactory.desktopGNG.neonReg_PF.registration(neonReg_PF.java:145)
	at com.scripts.desktopGNG.neonReg.RegisterAndDeposit(neonReg.java:22)
	at sun.reflect.NativeMethodAccessorImpl.invoke0(Native Method)
	at sun.reflect.NativeMethodAccessorImpl.invoke(NativeMethodAccessorImpl.java:62)
	at sun.reflect.DelegatingMethodAccessorImpl.invoke(DelegatingMethodAccessorImpl.java:43)
	at java.lang.reflect.Method.invoke(Method.java:498)
	at org.testng.internal.MethodInvocationHelper.invokeMethod(MethodInvocationHelper.java:85)
	at org.testng.internal.Invoker.invokeMethod(Invoker.java:639)
	at org.testng.internal.Invoker.invokeTestMethod(Invoker.java:821)
	at org.testng.internal.Invoker.invokeTestMethods(Invoker.java:1131)
	at org.testng.internal.TestMethodWorker.invokeTestMethods(TestMethodWorker.java:124)
	at org.testng.internal.TestMethodWorker.run(TestMethodWorker.java:108)
	at org.testng.TestRunner.privateRun(TestRunner.java:773)
	at org.testng.TestRunner.run(TestRunner.java:623)
	at org.testng.SuiteRunner.runTest(SuiteRunner.java:357)
	at org.testng.SuiteRunner.runSequentially(SuiteRunner.java:352)
	at org.testng.SuiteRunner.privateRun(SuiteRunner.java:310)
	at org.testng.SuiteRunner.run(SuiteRunner.java:259)
	at org.testng.SuiteRunnerWorker.runSuite(SuiteRunnerWorker.java:52)
	at org.testng.SuiteRunnerWorker.run(SuiteRunnerWorker.java:86)
	at org.testng.TestNG.runSuitesSequentially(TestNG.java:1185)
	at org.testng.TestNG.runSuitesLocally(TestNG.java:1110)
	at org.testng.TestNG.run(TestNG.java:1018)
	at org.apache.maven.surefire.testng.TestNGExecutor.run(TestNGExecutor.java:178)
	at org.apache.maven.surefire.testng.TestNGXmlTestSuite.execute(TestNGXmlTestSuite.java:92)
	at org.apache.maven.surefire.testng.TestNGProvider.invoke(TestNGProvider.java:96)
	at sun.reflect.NativeMethodAccessorImpl.invoke0(Native Method)
	at sun.reflect.NativeMethodAccessorImpl.invoke(NativeMethodAccessorImpl.java:62)
	at sun.reflect.DelegatingMethodAccessorImpl.invoke(DelegatingMethodAccessorImpl.java:43)
	at java.lang.reflect.Method.invoke(Method.java:498)
	at org.apache.maven.surefire.util.ReflectionUtils.invokeMethodWithArray2(ReflectionUtils.java:208)
	at org.apache.maven.surefire.booter.ProviderFactory$ProviderProxy.invoke(ProviderFactory.java:158)
	at org.apache.maven.surefire.booter.ProviderFactory.invokeProvider(ProviderFactory.java:86)
	at org.apache.maven.surefire.booter.ForkedBooter.runSuitesInProcess(ForkedBooter.java:153)
	at org.apache.maven.surefire.booter.ForkedBooter.main(ForkedBooter.java:95)
]]>
            </full-stacktrace>
          </exception> <!-- java.lang.NullPointerException -->
          <reporter-output>
            <line>
              <![CDATA[Step >> Enter username]]>
            </line>
            <line>
              <![CDATA[Step >> Enter password]]>
            </line>
            <line>
              <![CDATA[Step >> Click on signBtn]]>
            </line>
            <line>
              <![CDATA[Step >> Click on customer tab]]>
            </line>
            <line>
              <![CDATA[Step >> Click on registartion tab]]>
            </line>
            <line>
              <![CDATA[Step >> Enter username]]>
            </line>
            <line>
              <![CDATA[Step >> Click on customer tab]]>
            </line>
            <line>
              <![CDATA[Step >> Click on customer tab]]>
            </line>
            <line>
              <![CDATA[Step >> Enter forename]]>
            </line>
            <line>
              <![CDATA[Step >> Enter DateOfBirth]]>
            </line>
            <line>
              <![CDATA[Step >> select gender]]>
            </line>
            <line>
              <![CDATA[Step >> Enter street]]>
            </line>
            <line>
              <![CDATA[Step >> Enter City]]>
            </line>
            <line>
              <![CDATA[Step >> Click on card number]]>
            </line>
            <line>
              <![CDATA[Step >> Enter street]]>
            </line>
            <line>
              <![CDATA[Step >> Click on Save btn]]>
            </line>
            <line>
              <![CDATA[Step >>  click on yesBtn]]>
            </line>
            <line>
              <![CDATA[Step >>  click on ok Btn]]>
            </line>
          </reporter-output>
        </test-method> <!-- RegisterAndDeposit -->
        <test-method status="PASS" signature="tearDown()[pri:0, instance:com.scripts.desktopGNG.neonReg@cf5915]" name="tearDown" is-config="true" duration-ms="1698" started-at="2017-05-15T17:32:07Z" finished-at="2017-05-15T17:32:08Z">
          <reporter-output>
          </reporter-output>
        </test-method> <!-- tearDown -->
      </class> <!-- com.scripts.desktopGNG.neonReg -->
    </test> <!-- Desktop -->
  </suite> <!-- Regression -->
</testng-results>
