<?xml version="1.0" encoding="UTF-8"?>
<testng-results skipped="0" failed="0" total="1" passed="1">
  <reporter-output>
    <line>
      <![CDATA[Step >> Enter username]]>
    </line>
    <line>
      <![CDATA[Step >> Enter password]]>
    </line>
    <line>
      <![CDATA[Step >> Click on signBtn]]>
    </line>
    <line>
      <![CDATA[Step >> Click on view tab]]>
    </line>
    <line>
      <![CDATA[Step >> Click on Balance Menu]]>
    </line>
    <line>
      <![CDATA[Step >> Verify View Balance text]]>
    </line>
    <line>
      <![CDATA[Step >> Verify View Details text]]>
    </line>
  </reporter-output>
  <suite name="Regression" duration-ms="52200" started-at="2017-05-18T10:29:03Z" finished-at="2017-05-18T10:29:55Z">
    <groups>
    </groups>
    <test name="Desktop" duration-ms="52200" started-at="2017-05-18T10:29:03Z" finished-at="2017-05-18T10:29:55Z">
      <class name="com.scripts.noen.CashierAndManagerTC.BalanceDetailsVerification">
        <test-method status="PASS" signature="setUp()[pri:0, instance:com.scripts.noen.CashierAndManagerTC.BalanceDetailsVerification@19b02dfd]" name="setUp" is-config="true" duration-ms="11628" started-at="2017-05-18T15:59:03Z" finished-at="2017-05-18T15:59:14Z">
          <reporter-output>
          </reporter-output>
        </test-method> <!-- setUp -->
        <test-method status="PASS" signature="checkBalanceDetails()[pri:0, instance:com.scripts.noen.CashierAndManagerTC.BalanceDetailsVerification@19b02dfd]" name="checkBalanceDetails" duration-ms="39255" started-at="2017-05-18T15:59:14Z" finished-at="2017-05-18T15:59:54Z">
          <reporter-output>
            <line>
              <![CDATA[Step >> Enter username]]>
            </line>
            <line>
              <![CDATA[Step >> Enter password]]>
            </line>
            <line>
              <![CDATA[Step >> Click on signBtn]]>
            </line>
            <line>
              <![CDATA[Step >> Click on view tab]]>
            </line>
            <line>
              <![CDATA[Step >> Click on Balance Menu]]>
            </line>
            <line>
              <![CDATA[Step >> Verify View Balance text]]>
            </line>
            <line>
              <![CDATA[Step >> Verify View Details text]]>
            </line>
          </reporter-output>
        </test-method> <!-- checkBalanceDetails -->
        <test-method status="PASS" signature="tearDown()[pri:0, instance:com.scripts.noen.CashierAndManagerTC.BalanceDetailsVerification@19b02dfd]" name="tearDown" is-config="true" duration-ms="1163" started-at="2017-05-18T15:59:54Z" finished-at="2017-05-18T15:59:55Z">
          <reporter-output>
          </reporter-output>
        </test-method> <!-- tearDown -->
      </class> <!-- com.scripts.noen.CashierAndManagerTC.BalanceDetailsVerification -->
    </test> <!-- Desktop -->
  </suite> <!-- Regression -->
</testng-results>
